2020-08-20 00:18:43.1512 ERROR System.Data.SqlClient.SqlException (0x80131904): Invalid object name 'ENTIDAD'.
   en System.Data.SqlClient.SqlConnection.OnError(SqlException exception, Boolean breakConnection, Action`1 wrapCloseInAction)
   en System.Data.SqlClient.SqlInternalConnection.OnError(SqlException exception, Boolean breakConnection, Action`1 wrapCloseInAction)
   en System.Data.SqlClient.TdsParser.ThrowExceptionAndWarning(TdsParserStateObject stateObj, Boolean callerHasConnectionLock, Boolean asyncClose)
   en System.Data.SqlClient.TdsParser.TryRun(RunBehavior runBehavior, SqlCommand cmdHandler, SqlDataReader dataStream, BulkCopySimpleResultSet bulkCopyHandler, TdsParserStateObject stateObj, Boolean& dataReady)
   en System.Data.SqlClient.SqlDataReader.TryConsumeMetaData()
   en System.Data.SqlClient.SqlDataReader.get_MetaData()
   en System.Data.SqlClient.SqlCommand.FinishExecuteReader(SqlDataReader ds, RunBehavior runBehavior, String resetOptionsString, Boolean isInternal, Boolean forDescribeParameterEncryption, Boolean shouldCacheForAlwaysEncrypted)
   en System.Data.SqlClient.SqlCommand.RunExecuteReaderTds(CommandBehavior cmdBehavior, RunBehavior runBehavior, Boolean returnStream, Boolean async, Int32 timeout, Task& task, Boolean asyncWrite, Boolean inRetry, SqlDataReader ds, Boolean describeParameterEncryptionRequest)
   en System.Data.SqlClient.SqlCommand.RunExecuteReader(CommandBehavior cmdBehavior, RunBehavior runBehavior, Boolean returnStream, String method, TaskCompletionSource`1 completion, Int32 timeout, Task& task, Boolean& usedCache, Boolean asyncWrite, Boolean inRetry)
   en System.Data.SqlClient.SqlCommand.RunExecuteReader(CommandBehavior cmdBehavior, RunBehavior runBehavior, Boolean returnStream, String method)
   en System.Data.SqlClient.SqlCommand.ExecuteReader(CommandBehavior behavior, String method)
   en System.Data.SqlClient.SqlCommand.ExecuteDbDataReader(CommandBehavior behavior)
   en System.Data.Common.DbCommand.System.Data.IDbCommand.ExecuteReader()
   en IBatisNet.DataMapper.Commands.DbCommandDecorator.System.Data.IDbCommand.ExecuteReader()
   en IBatisNet.DataMapper.MappedStatements.MappedStatement.RunQueryForObject(RequestScope request, ISqlMapSession session, Object parameterObject, Object resultObject)
   en IBatisNet.DataMapper.MappedStatements.MappedStatement.ExecuteQueryForObject(ISqlMapSession session, Object parameterObject, Object resultObject)
   en IBatisNet.DataMapper.MappedStatements.MappedStatement.ExecuteQueryForObject(ISqlMapSession session, Object parameterObject)
   en IBatisNet.DataMapper.SqlMapper.QueryForObject(String statementName, Object parameterObject)
   en SBS.UIF.CONTRALAFT.DataAccess.BaseService`1.QueryForObject(String nombreMetodo, Object map, String mapper) en D:\Trabajo\CLEONV\contralaft-privado-master\SBS.UIF.CONTRALAFT.DataAccess\BaseDatos.cs:línea 20
   en SBS.UIF.CONTRALAFT.DataAccess.Core.UsuarioDataAccess.buscarUsuario(Usuario _usuario) en D:\Trabajo\CLEONV\contralaft-privado-master\SBS.UIF.CONTRALAFT.DataAccess\Core\UsuarioDataAccess.cs:línea 19
   en SBS.UIF.CONTRALAFT.BusinessLogic.Core.UsuarioBusinessLogic.buscarUsuario(Usuario _usuario) en D:\Trabajo\CLEONV\contralaft-privado-master\SBS.UIF.CONTRALAFT.BusinessLogic\Core\UsuarioBusinessLogic.cs:línea 27
   en SBS.UIF.CONTRALAFT.Web.pages.Login.Submit_Login(Object sender, EventArgs e) en D:\proynet\fsd2\SBS.UIF.CONTRALAFT.Web\pages\login.aspx.cs:línea 30
ClientConnectionId:9eba028e-6fc6-475b-9d12-9f6ef4c89e8b
Error Number:208,State:1,Class:16 Invalid object name 'ENTIDAD'.
2020-08-20 00:18:52.3152 ERROR System.Data.SqlClient.SqlException (0x80131904): Invalid object name 'ENTIDAD'.
   en System.Data.SqlClient.SqlConnection.OnError(SqlException exception, Boolean breakConnection, Action`1 wrapCloseInAction)
   en System.Data.SqlClient.SqlInternalConnection.OnError(SqlException exception, Boolean breakConnection, Action`1 wrapCloseInAction)
   en System.Data.SqlClient.TdsParser.ThrowExceptionAndWarning(TdsParserStateObject stateObj, Boolean callerHasConnectionLock, Boolean asyncClose)
   en System.Data.SqlClient.TdsParser.TryRun(RunBehavior runBehavior, SqlCommand cmdHandler, SqlDataReader dataStream, BulkCopySimpleResultSet bulkCopyHandler, TdsParserStateObject stateObj, Boolean& dataReady)
   en System.Data.SqlClient.SqlDataReader.TryConsumeMetaData()
   en System.Data.SqlClient.SqlDataReader.get_MetaData()
   en System.Data.SqlClient.SqlCommand.FinishExecuteReader(SqlDataReader ds, RunBehavior runBehavior, String resetOptionsString, Boolean isInternal, Boolean forDescribeParameterEncryption, Boolean shouldCacheForAlwaysEncrypted)
   en System.Data.SqlClient.SqlCommand.RunExecuteReaderTds(CommandBehavior cmdBehavior, RunBehavior runBehavior, Boolean returnStream, Boolean async, Int32 timeout, Task& task, Boolean asyncWrite, Boolean inRetry, SqlDataReader ds, Boolean describeParameterEncryptionRequest)
   en System.Data.SqlClient.SqlCommand.RunExecuteReader(CommandBehavior cmdBehavior, RunBehavior runBehavior, Boolean returnStream, String method, TaskCompletionSource`1 completion, Int32 timeout, Task& task, Boolean& usedCache, Boolean asyncWrite, Boolean inRetry)
   en System.Data.SqlClient.SqlCommand.RunExecuteReader(CommandBehavior cmdBehavior, RunBehavior runBehavior, Boolean returnStream, String method)
   en System.Data.SqlClient.SqlCommand.ExecuteReader(CommandBehavior behavior, String method)
   en System.Data.SqlClient.SqlCommand.ExecuteDbDataReader(CommandBehavior behavior)
   en System.Data.Common.DbCommand.System.Data.IDbCommand.ExecuteReader()
   en IBatisNet.DataMapper.Commands.DbCommandDecorator.System.Data.IDbCommand.ExecuteReader()
   en IBatisNet.DataMapper.MappedStatements.MappedStatement.RunQueryForObject(RequestScope request, ISqlMapSession session, Object parameterObject, Object resultObject)
   en IBatisNet.DataMapper.MappedStatements.MappedStatement.ExecuteQueryForObject(ISqlMapSession session, Object parameterObject, Object resultObject)
   en IBatisNet.DataMapper.MappedStatements.MappedStatement.ExecuteQueryForObject(ISqlMapSession session, Object parameterObject)
   en IBatisNet.DataMapper.SqlMapper.QueryForObject(String statementName, Object parameterObject)
   en SBS.UIF.CONTRALAFT.DataAccess.BaseService`1.QueryForObject(String nombreMetodo, Object map, String mapper) en D:\Trabajo\CLEONV\contralaft-privado-master\SBS.UIF.CONTRALAFT.DataAccess\BaseDatos.cs:línea 20
   en SBS.UIF.CONTRALAFT.DataAccess.Core.UsuarioDataAccess.buscarUsuario(Usuario _usuario) en D:\Trabajo\CLEONV\contralaft-privado-master\SBS.UIF.CONTRALAFT.DataAccess\Core\UsuarioDataAccess.cs:línea 19
   en SBS.UIF.CONTRALAFT.BusinessLogic.Core.UsuarioBusinessLogic.buscarUsuario(Usuario _usuario) en D:\Trabajo\CLEONV\contralaft-privado-master\SBS.UIF.CONTRALAFT.BusinessLogic\Core\UsuarioBusinessLogic.cs:línea 27
   en SBS.UIF.CONTRALAFT.Web.pages.Login.Submit_Login(Object sender, EventArgs e) en D:\proynet\fsd2\SBS.UIF.CONTRALAFT.Web\pages\login.aspx.cs:línea 30
ClientConnectionId:9eba028e-6fc6-475b-9d12-9f6ef4c89e8b
Error Number:208,State:1,Class:16 Invalid object name 'ENTIDAD'.
2020-08-20 00:41:19.7826 ERROR System.Data.SqlClient.SqlException (0x80131904): Invalid object name 'ENTIDAD'.
   en System.Data.SqlClient.SqlConnection.OnError(SqlException exception, Boolean breakConnection, Action`1 wrapCloseInAction)
   en System.Data.SqlClient.SqlInternalConnection.OnError(SqlException exception, Boolean breakConnection, Action`1 wrapCloseInAction)
   en System.Data.SqlClient.TdsParser.ThrowExceptionAndWarning(TdsParserStateObject stateObj, Boolean callerHasConnectionLock, Boolean asyncClose)
   en System.Data.SqlClient.TdsParser.TryRun(RunBehavior runBehavior, SqlCommand cmdHandler, SqlDataReader dataStream, BulkCopySimpleResultSet bulkCopyHandler, TdsParserStateObject stateObj, Boolean& dataReady)
   en System.Data.SqlClient.SqlDataReader.TryConsumeMetaData()
   en System.Data.SqlClient.SqlDataReader.get_MetaData()
   en System.Data.SqlClient.SqlCommand.FinishExecuteReader(SqlDataReader ds, RunBehavior runBehavior, String resetOptionsString, Boolean isInternal, Boolean forDescribeParameterEncryption, Boolean shouldCacheForAlwaysEncrypted)
   en System.Data.SqlClient.SqlCommand.RunExecuteReaderTds(CommandBehavior cmdBehavior, RunBehavior runBehavior, Boolean returnStream, Boolean async, Int32 timeout, Task& task, Boolean asyncWrite, Boolean inRetry, SqlDataReader ds, Boolean describeParameterEncryptionRequest)
   en System.Data.SqlClient.SqlCommand.RunExecuteReader(CommandBehavior cmdBehavior, RunBehavior runBehavior, Boolean returnStream, String method, TaskCompletionSource`1 completion, Int32 timeout, Task& task, Boolean& usedCache, Boolean asyncWrite, Boolean inRetry)
   en System.Data.SqlClient.SqlCommand.RunExecuteReader(CommandBehavior cmdBehavior, RunBehavior runBehavior, Boolean returnStream, String method)
   en System.Data.SqlClient.SqlCommand.ExecuteReader(CommandBehavior behavior, String method)
   en System.Data.SqlClient.SqlCommand.ExecuteDbDataReader(CommandBehavior behavior)
   en System.Data.Common.DbCommand.System.Data.IDbCommand.ExecuteReader()
   en IBatisNet.DataMapper.Commands.DbCommandDecorator.System.Data.IDbCommand.ExecuteReader()
   en IBatisNet.DataMapper.MappedStatements.MappedStatement.RunQueryForObject(RequestScope request, ISqlMapSession session, Object parameterObject, Object resultObject)
   en IBatisNet.DataMapper.MappedStatements.MappedStatement.ExecuteQueryForObject(ISqlMapSession session, Object parameterObject, Object resultObject)
   en IBatisNet.DataMapper.MappedStatements.MappedStatement.ExecuteQueryForObject(ISqlMapSession session, Object parameterObject)
   en IBatisNet.DataMapper.SqlMapper.QueryForObject(String statementName, Object parameterObject)
   en SBS.UIF.CONTRALAFT.DataAccess.BaseService`1.QueryForObject(String nombreMetodo, Object map, String mapper) en D:\Trabajo\CLEONV\contralaft-privado-master\SBS.UIF.CONTRALAFT.DataAccess\BaseDatos.cs:línea 20
   en SBS.UIF.CONTRALAFT.DataAccess.Core.UsuarioDataAccess.buscarUsuario(Usuario _usuario) en D:\Trabajo\CLEONV\contralaft-privado-master\SBS.UIF.CONTRALAFT.DataAccess\Core\UsuarioDataAccess.cs:línea 19
   en SBS.UIF.CONTRALAFT.BusinessLogic.Core.UsuarioBusinessLogic.buscarUsuario(Usuario _usuario) en D:\Trabajo\CLEONV\contralaft-privado-master\SBS.UIF.CONTRALAFT.BusinessLogic\Core\UsuarioBusinessLogic.cs:línea 27
   en SBS.UIF.CONTRALAFT.Web.pages.Login.Submit_Login(Object sender, EventArgs e) en D:\proynet\fsd2\SBS.UIF.CONTRALAFT.Web\pages\login.aspx.cs:línea 30
ClientConnectionId:15348c39-83ba-49d2-8493-510410be913f
Error Number:208,State:1,Class:16 Invalid object name 'ENTIDAD'.
2020-08-20 00:41:23.0384 ERROR System.Data.SqlClient.SqlException (0x80131904): Invalid object name 'ENTIDAD'.
   en System.Data.SqlClient.SqlConnection.OnError(SqlException exception, Boolean breakConnection, Action`1 wrapCloseInAction)
   en System.Data.SqlClient.SqlInternalConnection.OnError(SqlException exception, Boolean breakConnection, Action`1 wrapCloseInAction)
   en System.Data.SqlClient.TdsParser.ThrowExceptionAndWarning(TdsParserStateObject stateObj, Boolean callerHasConnectionLock, Boolean asyncClose)
   en System.Data.SqlClient.TdsParser.TryRun(RunBehavior runBehavior, SqlCommand cmdHandler, SqlDataReader dataStream, BulkCopySimpleResultSet bulkCopyHandler, TdsParserStateObject stateObj, Boolean& dataReady)
   en System.Data.SqlClient.SqlDataReader.TryConsumeMetaData()
   en System.Data.SqlClient.SqlDataReader.get_MetaData()
   en System.Data.SqlClient.SqlCommand.FinishExecuteReader(SqlDataReader ds, RunBehavior runBehavior, String resetOptionsString, Boolean isInternal, Boolean forDescribeParameterEncryption, Boolean shouldCacheForAlwaysEncrypted)
   en System.Data.SqlClient.SqlCommand.RunExecuteReaderTds(CommandBehavior cmdBehavior, RunBehavior runBehavior, Boolean returnStream, Boolean async, Int32 timeout, Task& task, Boolean asyncWrite, Boolean inRetry, SqlDataReader ds, Boolean describeParameterEncryptionRequest)
   en System.Data.SqlClient.SqlCommand.RunExecuteReader(CommandBehavior cmdBehavior, RunBehavior runBehavior, Boolean returnStream, String method, TaskCompletionSource`1 completion, Int32 timeout, Task& task, Boolean& usedCache, Boolean asyncWrite, Boolean inRetry)
   en System.Data.SqlClient.SqlCommand.RunExecuteReader(CommandBehavior cmdBehavior, RunBehavior runBehavior, Boolean returnStream, String method)
   en System.Data.SqlClient.SqlCommand.ExecuteReader(CommandBehavior behavior, String method)
   en System.Data.SqlClient.SqlCommand.ExecuteDbDataReader(CommandBehavior behavior)
   en System.Data.Common.DbCommand.System.Data.IDbCommand.ExecuteReader()
   en IBatisNet.DataMapper.Commands.DbCommandDecorator.System.Data.IDbCommand.ExecuteReader()
   en IBatisNet.DataMapper.MappedStatements.MappedStatement.RunQueryForObject(RequestScope request, ISqlMapSession session, Object parameterObject, Object resultObject)
   en IBatisNet.DataMapper.MappedStatements.MappedStatement.ExecuteQueryForObject(ISqlMapSession session, Object parameterObject, Object resultObject)
   en IBatisNet.DataMapper.MappedStatements.MappedStatement.ExecuteQueryForObject(ISqlMapSession session, Object parameterObject)
   en IBatisNet.DataMapper.SqlMapper.QueryForObject(String statementName, Object parameterObject)
   en SBS.UIF.CONTRALAFT.DataAccess.BaseService`1.QueryForObject(String nombreMetodo, Object map, String mapper) en D:\Trabajo\CLEONV\contralaft-privado-master\SBS.UIF.CONTRALAFT.DataAccess\BaseDatos.cs:línea 20
   en SBS.UIF.CONTRALAFT.DataAccess.Core.UsuarioDataAccess.buscarUsuario(Usuario _usuario) en D:\Trabajo\CLEONV\contralaft-privado-master\SBS.UIF.CONTRALAFT.DataAccess\Core\UsuarioDataAccess.cs:línea 19
   en SBS.UIF.CONTRALAFT.BusinessLogic.Core.UsuarioBusinessLogic.buscarUsuario(Usuario _usuario) en D:\Trabajo\CLEONV\contralaft-privado-master\SBS.UIF.CONTRALAFT.BusinessLogic\Core\UsuarioBusinessLogic.cs:línea 27
   en SBS.UIF.CONTRALAFT.Web.pages.Login.Submit_Login(Object sender, EventArgs e) en D:\proynet\fsd2\SBS.UIF.CONTRALAFT.Web\pages\login.aspx.cs:línea 30
ClientConnectionId:15348c39-83ba-49d2-8493-510410be913f
Error Number:208,State:1,Class:16 Invalid object name 'ENTIDAD'.
2020-08-20 01:26:45.0965 ERROR System.Data.SqlClient.SqlException (0x80131904): Invalid column name 'N_COD_ENTIDAD'.
Invalid column name 'N_COD_ENTIDAD'.
Invalid column name 'C_DES_RAZON'.
   en System.Data.SqlClient.SqlConnection.OnError(SqlException exception, Boolean breakConnection, Action`1 wrapCloseInAction)
   en System.Data.SqlClient.SqlInternalConnection.OnError(SqlException exception, Boolean breakConnection, Action`1 wrapCloseInAction)
   en System.Data.SqlClient.TdsParser.ThrowExceptionAndWarning(TdsParserStateObject stateObj, Boolean callerHasConnectionLock, Boolean asyncClose)
   en System.Data.SqlClient.TdsParser.TryRun(RunBehavior runBehavior, SqlCommand cmdHandler, SqlDataReader dataStream, BulkCopySimpleResultSet bulkCopyHandler, TdsParserStateObject stateObj, Boolean& dataReady)
   en System.Data.SqlClient.SqlDataReader.TryConsumeMetaData()
   en System.Data.SqlClient.SqlDataReader.get_MetaData()
   en System.Data.SqlClient.SqlCommand.FinishExecuteReader(SqlDataReader ds, RunBehavior runBehavior, String resetOptionsString, Boolean isInternal, Boolean forDescribeParameterEncryption, Boolean shouldCacheForAlwaysEncrypted)
   en System.Data.SqlClient.SqlCommand.RunExecuteReaderTds(CommandBehavior cmdBehavior, RunBehavior runBehavior, Boolean returnStream, Boolean async, Int32 timeout, Task& task, Boolean asyncWrite, Boolean inRetry, SqlDataReader ds, Boolean describeParameterEncryptionRequest)
   en System.Data.SqlClient.SqlCommand.RunExecuteReader(CommandBehavior cmdBehavior, RunBehavior runBehavior, Boolean returnStream, String method, TaskCompletionSource`1 completion, Int32 timeout, Task& task, Boolean& usedCache, Boolean asyncWrite, Boolean inRetry)
   en System.Data.SqlClient.SqlCommand.RunExecuteReader(CommandBehavior cmdBehavior, RunBehavior runBehavior, Boolean returnStream, String method)
   en System.Data.SqlClient.SqlCommand.ExecuteReader(CommandBehavior behavior, String method)
   en System.Data.SqlClient.SqlCommand.ExecuteDbDataReader(CommandBehavior behavior)
   en System.Data.Common.DbCommand.System.Data.IDbCommand.ExecuteReader()
   en IBatisNet.DataMapper.Commands.DbCommandDecorator.System.Data.IDbCommand.ExecuteReader()
   en IBatisNet.DataMapper.MappedStatements.MappedStatement.RunQueryForObject(RequestScope request, ISqlMapSession session, Object parameterObject, Object resultObject)
   en IBatisNet.DataMapper.MappedStatements.MappedStatement.ExecuteQueryForObject(ISqlMapSession session, Object parameterObject, Object resultObject)
   en IBatisNet.DataMapper.MappedStatements.MappedStatement.ExecuteQueryForObject(ISqlMapSession session, Object parameterObject)
   en IBatisNet.DataMapper.SqlMapper.QueryForObject(String statementName, Object parameterObject)
   en SBS.UIF.CONTRALAFT.DataAccess.BaseService`1.QueryForObject(String nombreMetodo, Object map, String mapper) en D:\Trabajo\CLEONV\contralaft-privado-master\SBS.UIF.CONTRALAFT.DataAccess\BaseDatos.cs:línea 20
   en SBS.UIF.CONTRALAFT.DataAccess.Core.UsuarioDataAccess.buscarUsuario(Usuario _usuario) en D:\Trabajo\CLEONV\contralaft-privado-master\SBS.UIF.CONTRALAFT.DataAccess\Core\UsuarioDataAccess.cs:línea 19
   en SBS.UIF.CONTRALAFT.BusinessLogic.Core.UsuarioBusinessLogic.buscarUsuario(Usuario _usuario) en D:\Trabajo\CLEONV\contralaft-privado-master\SBS.UIF.CONTRALAFT.BusinessLogic\Core\UsuarioBusinessLogic.cs:línea 27
   en SBS.UIF.CONTRALAFT.Web.pages.Login.Submit_Login(Object sender, EventArgs e) en D:\proynet\fsd2\SBS.UIF.CONTRALAFT.Web\pages\login.aspx.cs:línea 30
ClientConnectionId:0cbf561d-0670-4423-8794-644d972e7865
Error Number:207,State:1,Class:16 Invalid column name 'N_COD_ENTIDAD'.
Invalid column name 'N_COD_ENTIDAD'.
Invalid column name 'C_DES_RAZON'.
2020-08-20 01:26:49.2881 ERROR System.Data.SqlClient.SqlException (0x80131904): Invalid column name 'N_COD_ENTIDAD'.
Invalid column name 'N_COD_ENTIDAD'.
Invalid column name 'C_DES_RAZON'.
   en System.Data.SqlClient.SqlConnection.OnError(SqlException exception, Boolean breakConnection, Action`1 wrapCloseInAction)
   en System.Data.SqlClient.SqlInternalConnection.OnError(SqlException exception, Boolean breakConnection, Action`1 wrapCloseInAction)
   en System.Data.SqlClient.TdsParser.ThrowExceptionAndWarning(TdsParserStateObject stateObj, Boolean callerHasConnectionLock, Boolean asyncClose)
   en System.Data.SqlClient.TdsParser.TryRun(RunBehavior runBehavior, SqlCommand cmdHandler, SqlDataReader dataStream, BulkCopySimpleResultSet bulkCopyHandler, TdsParserStateObject stateObj, Boolean& dataReady)
   en System.Data.SqlClient.SqlDataReader.TryConsumeMetaData()
   en System.Data.SqlClient.SqlDataReader.get_MetaData()
   en System.Data.SqlClient.SqlCommand.FinishExecuteReader(SqlDataReader ds, RunBehavior runBehavior, String resetOptionsString, Boolean isInternal, Boolean forDescribeParameterEncryption, Boolean shouldCacheForAlwaysEncrypted)
   en System.Data.SqlClient.SqlCommand.RunExecuteReaderTds(CommandBehavior cmdBehavior, RunBehavior runBehavior, Boolean returnStream, Boolean async, Int32 timeout, Task& task, Boolean asyncWrite, Boolean inRetry, SqlDataReader ds, Boolean describeParameterEncryptionRequest)
   en System.Data.SqlClient.SqlCommand.RunExecuteReader(CommandBehavior cmdBehavior, RunBehavior runBehavior, Boolean returnStream, String method, TaskCompletionSource`1 completion, Int32 timeout, Task& task, Boolean& usedCache, Boolean asyncWrite, Boolean inRetry)
   en System.Data.SqlClient.SqlCommand.RunExecuteReader(CommandBehavior cmdBehavior, RunBehavior runBehavior, Boolean returnStream, String method)
   en System.Data.SqlClient.SqlCommand.ExecuteReader(CommandBehavior behavior, String method)
   en System.Data.SqlClient.SqlCommand.ExecuteDbDataReader(CommandBehavior behavior)
   en System.Data.Common.DbCommand.System.Data.IDbCommand.ExecuteReader()
   en IBatisNet.DataMapper.Commands.DbCommandDecorator.System.Data.IDbCommand.ExecuteReader()
   en IBatisNet.DataMapper.MappedStatements.MappedStatement.RunQueryForObject(RequestScope request, ISqlMapSession session, Object parameterObject, Object resultObject)
   en IBatisNet.DataMapper.MappedStatements.MappedStatement.ExecuteQueryForObject(ISqlMapSession session, Object parameterObject, Object resultObject)
   en IBatisNet.DataMapper.MappedStatements.MappedStatement.ExecuteQueryForObject(ISqlMapSession session, Object parameterObject)
   en IBatisNet.DataMapper.SqlMapper.QueryForObject(String statementName, Object parameterObject)
   en SBS.UIF.CONTRALAFT.DataAccess.BaseService`1.QueryForObject(String nombreMetodo, Object map, String mapper) en D:\Trabajo\CLEONV\contralaft-privado-master\SBS.UIF.CONTRALAFT.DataAccess\BaseDatos.cs:línea 20
   en SBS.UIF.CONTRALAFT.DataAccess.Core.UsuarioDataAccess.buscarUsuario(Usuario _usuario) en D:\Trabajo\CLEONV\contralaft-privado-master\SBS.UIF.CONTRALAFT.DataAccess\Core\UsuarioDataAccess.cs:línea 19
   en SBS.UIF.CONTRALAFT.BusinessLogic.Core.UsuarioBusinessLogic.buscarUsuario(Usuario _usuario) en D:\Trabajo\CLEONV\contralaft-privado-master\SBS.UIF.CONTRALAFT.BusinessLogic\Core\UsuarioBusinessLogic.cs:línea 27
   en SBS.UIF.CONTRALAFT.Web.pages.Login.Submit_Login(Object sender, EventArgs e) en D:\proynet\fsd2\SBS.UIF.CONTRALAFT.Web\pages\login.aspx.cs:línea 30
ClientConnectionId:0cbf561d-0670-4423-8794-644d972e7865
Error Number:207,State:1,Class:16 Invalid column name 'N_COD_ENTIDAD'.
Invalid column name 'N_COD_ENTIDAD'.
Invalid column name 'C_DES_RAZON'.
2020-08-20 01:26:50.5235 ERROR System.Data.SqlClient.SqlException (0x80131904): Invalid column name 'N_COD_ENTIDAD'.
Invalid column name 'N_COD_ENTIDAD'.
Invalid column name 'C_DES_RAZON'.
   en System.Data.SqlClient.SqlConnection.OnError(SqlException exception, Boolean breakConnection, Action`1 wrapCloseInAction)
   en System.Data.SqlClient.SqlInternalConnection.OnError(SqlException exception, Boolean breakConnection, Action`1 wrapCloseInAction)
   en System.Data.SqlClient.TdsParser.ThrowExceptionAndWarning(TdsParserStateObject stateObj, Boolean callerHasConnectionLock, Boolean asyncClose)
   en System.Data.SqlClient.TdsParser.TryRun(RunBehavior runBehavior, SqlCommand cmdHandler, SqlDataReader dataStream, BulkCopySimpleResultSet bulkCopyHandler, TdsParserStateObject stateObj, Boolean& dataReady)
   en System.Data.SqlClient.SqlDataReader.TryConsumeMetaData()
   en System.Data.SqlClient.SqlDataReader.get_MetaData()
   en System.Data.SqlClient.SqlCommand.FinishExecuteReader(SqlDataReader ds, RunBehavior runBehavior, String resetOptionsString, Boolean isInternal, Boolean forDescribeParameterEncryption, Boolean shouldCacheForAlwaysEncrypted)
   en System.Data.SqlClient.SqlCommand.RunExecuteReaderTds(CommandBehavior cmdBehavior, RunBehavior runBehavior, Boolean returnStream, Boolean async, Int32 timeout, Task& task, Boolean asyncWrite, Boolean inRetry, SqlDataReader ds, Boolean describeParameterEncryptionRequest)
   en System.Data.SqlClient.SqlCommand.RunExecuteReader(CommandBehavior cmdBehavior, RunBehavior runBehavior, Boolean returnStream, String method, TaskCompletionSource`1 completion, Int32 timeout, Task& task, Boolean& usedCache, Boolean asyncWrite, Boolean inRetry)
   en System.Data.SqlClient.SqlCommand.RunExecuteReader(CommandBehavior cmdBehavior, RunBehavior runBehavior, Boolean returnStream, String method)
   en System.Data.SqlClient.SqlCommand.ExecuteReader(CommandBehavior behavior, String method)
   en System.Data.SqlClient.SqlCommand.ExecuteDbDataReader(CommandBehavior behavior)
   en System.Data.Common.DbCommand.System.Data.IDbCommand.ExecuteReader()
   en IBatisNet.DataMapper.Commands.DbCommandDecorator.System.Data.IDbCommand.ExecuteReader()
   en IBatisNet.DataMapper.MappedStatements.MappedStatement.RunQueryForObject(RequestScope request, ISqlMapSession session, Object parameterObject, Object resultObject)
   en IBatisNet.DataMapper.MappedStatements.MappedStatement.ExecuteQueryForObject(ISqlMapSession session, Object parameterObject, Object resultObject)
   en IBatisNet.DataMapper.MappedStatements.MappedStatement.ExecuteQueryForObject(ISqlMapSession session, Object parameterObject)
   en IBatisNet.DataMapper.SqlMapper.QueryForObject(String statementName, Object parameterObject)
   en SBS.UIF.CONTRALAFT.DataAccess.BaseService`1.QueryForObject(String nombreMetodo, Object map, String mapper) en D:\Trabajo\CLEONV\contralaft-privado-master\SBS.UIF.CONTRALAFT.DataAccess\BaseDatos.cs:línea 20
   en SBS.UIF.CONTRALAFT.DataAccess.Core.UsuarioDataAccess.buscarUsuario(Usuario _usuario) en D:\Trabajo\CLEONV\contralaft-privado-master\SBS.UIF.CONTRALAFT.DataAccess\Core\UsuarioDataAccess.cs:línea 19
   en SBS.UIF.CONTRALAFT.BusinessLogic.Core.UsuarioBusinessLogic.buscarUsuario(Usuario _usuario) en D:\Trabajo\CLEONV\contralaft-privado-master\SBS.UIF.CONTRALAFT.BusinessLogic\Core\UsuarioBusinessLogic.cs:línea 27
   en SBS.UIF.CONTRALAFT.Web.pages.Login.Submit_Login(Object sender, EventArgs e) en D:\proynet\fsd2\SBS.UIF.CONTRALAFT.Web\pages\login.aspx.cs:línea 30
ClientConnectionId:0cbf561d-0670-4423-8794-644d972e7865
Error Number:207,State:1,Class:16 Invalid column name 'N_COD_ENTIDAD'.
Invalid column name 'N_COD_ENTIDAD'.
Invalid column name 'C_DES_RAZON'.
2020-08-20 01:26:52.3715 ERROR System.Data.SqlClient.SqlException (0x80131904): Invalid column name 'N_COD_ENTIDAD'.
Invalid column name 'N_COD_ENTIDAD'.
Invalid column name 'C_DES_RAZON'.
   en System.Data.SqlClient.SqlConnection.OnError(SqlException exception, Boolean breakConnection, Action`1 wrapCloseInAction)
   en System.Data.SqlClient.SqlInternalConnection.OnError(SqlException exception, Boolean breakConnection, Action`1 wrapCloseInAction)
   en System.Data.SqlClient.TdsParser.ThrowExceptionAndWarning(TdsParserStateObject stateObj, Boolean callerHasConnectionLock, Boolean asyncClose)
   en System.Data.SqlClient.TdsParser.TryRun(RunBehavior runBehavior, SqlCommand cmdHandler, SqlDataReader dataStream, BulkCopySimpleResultSet bulkCopyHandler, TdsParserStateObject stateObj, Boolean& dataReady)
   en System.Data.SqlClient.SqlDataReader.TryConsumeMetaData()
   en System.Data.SqlClient.SqlDataReader.get_MetaData()
   en System.Data.SqlClient.SqlCommand.FinishExecuteReader(SqlDataReader ds, RunBehavior runBehavior, String resetOptionsString, Boolean isInternal, Boolean forDescribeParameterEncryption, Boolean shouldCacheForAlwaysEncrypted)
   en System.Data.SqlClient.SqlCommand.RunExecuteReaderTds(CommandBehavior cmdBehavior, RunBehavior runBehavior, Boolean returnStream, Boolean async, Int32 timeout, Task& task, Boolean asyncWrite, Boolean inRetry, SqlDataReader ds, Boolean describeParameterEncryptionRequest)
   en System.Data.SqlClient.SqlCommand.RunExecuteReader(CommandBehavior cmdBehavior, RunBehavior runBehavior, Boolean returnStream, String method, TaskCompletionSource`1 completion, Int32 timeout, Task& task, Boolean& usedCache, Boolean asyncWrite, Boolean inRetry)
   en System.Data.SqlClient.SqlCommand.RunExecuteReader(CommandBehavior cmdBehavior, RunBehavior runBehavior, Boolean returnStream, String method)
   en System.Data.SqlClient.SqlCommand.ExecuteReader(CommandBehavior behavior, String method)
   en System.Data.SqlClient.SqlCommand.ExecuteDbDataReader(CommandBehavior behavior)
   en System.Data.Common.DbCommand.System.Data.IDbCommand.ExecuteReader()
   en IBatisNet.DataMapper.Commands.DbCommandDecorator.System.Data.IDbCommand.ExecuteReader()
   en IBatisNet.DataMapper.MappedStatements.MappedStatement.RunQueryForObject(RequestScope request, ISqlMapSession session, Object parameterObject, Object resultObject)
   en IBatisNet.DataMapper.MappedStatements.MappedStatement.ExecuteQueryForObject(ISqlMapSession session, Object parameterObject, Object resultObject)
   en IBatisNet.DataMapper.MappedStatements.MappedStatement.ExecuteQueryForObject(ISqlMapSession session, Object parameterObject)
   en IBatisNet.DataMapper.SqlMapper.QueryForObject(String statementName, Object parameterObject)
   en SBS.UIF.CONTRALAFT.DataAccess.BaseService`1.QueryForObject(String nombreMetodo, Object map, String mapper) en D:\Trabajo\CLEONV\contralaft-privado-master\SBS.UIF.CONTRALAFT.DataAccess\BaseDatos.cs:línea 20
   en SBS.UIF.CONTRALAFT.DataAccess.Core.UsuarioDataAccess.buscarUsuario(Usuario _usuario) en D:\Trabajo\CLEONV\contralaft-privado-master\SBS.UIF.CONTRALAFT.DataAccess\Core\UsuarioDataAccess.cs:línea 19
   en SBS.UIF.CONTRALAFT.BusinessLogic.Core.UsuarioBusinessLogic.buscarUsuario(Usuario _usuario) en D:\Trabajo\CLEONV\contralaft-privado-master\SBS.UIF.CONTRALAFT.BusinessLogic\Core\UsuarioBusinessLogic.cs:línea 27
   en SBS.UIF.CONTRALAFT.Web.pages.Login.Submit_Login(Object sender, EventArgs e) en D:\proynet\fsd2\SBS.UIF.CONTRALAFT.Web\pages\login.aspx.cs:línea 30
ClientConnectionId:0cbf561d-0670-4423-8794-644d972e7865
Error Number:207,State:1,Class:16 Invalid column name 'N_COD_ENTIDAD'.
Invalid column name 'N_COD_ENTIDAD'.
Invalid column name 'C_DES_RAZON'.
2020-08-20 01:26:53.9944 ERROR System.Data.SqlClient.SqlException (0x80131904): Invalid column name 'N_COD_ENTIDAD'.
Invalid column name 'N_COD_ENTIDAD'.
Invalid column name 'C_DES_RAZON'.
   en System.Data.SqlClient.SqlConnection.OnError(SqlException exception, Boolean breakConnection, Action`1 wrapCloseInAction)
   en System.Data.SqlClient.SqlInternalConnection.OnError(SqlException exception, Boolean breakConnection, Action`1 wrapCloseInAction)
   en System.Data.SqlClient.TdsParser.ThrowExceptionAndWarning(TdsParserStateObject stateObj, Boolean callerHasConnectionLock, Boolean asyncClose)
   en System.Data.SqlClient.TdsParser.TryRun(RunBehavior runBehavior, SqlCommand cmdHandler, SqlDataReader dataStream, BulkCopySimpleResultSet bulkCopyHandler, TdsParserStateObject stateObj, Boolean& dataReady)
   en System.Data.SqlClient.SqlDataReader.TryConsumeMetaData()
   en System.Data.SqlClient.SqlDataReader.get_MetaData()
   en System.Data.SqlClient.SqlCommand.FinishExecuteReader(SqlDataReader ds, RunBehavior runBehavior, String resetOptionsString, Boolean isInternal, Boolean forDescribeParameterEncryption, Boolean shouldCacheForAlwaysEncrypted)
   en System.Data.SqlClient.SqlCommand.RunExecuteReaderTds(CommandBehavior cmdBehavior, RunBehavior runBehavior, Boolean returnStream, Boolean async, Int32 timeout, Task& task, Boolean asyncWrite, Boolean inRetry, SqlDataReader ds, Boolean describeParameterEncryptionRequest)
   en System.Data.SqlClient.SqlCommand.RunExecuteReader(CommandBehavior cmdBehavior, RunBehavior runBehavior, Boolean returnStream, String method, TaskCompletionSource`1 completion, Int32 timeout, Task& task, Boolean& usedCache, Boolean asyncWrite, Boolean inRetry)
   en System.Data.SqlClient.SqlCommand.RunExecuteReader(CommandBehavior cmdBehavior, RunBehavior runBehavior, Boolean returnStream, String method)
   en System.Data.SqlClient.SqlCommand.ExecuteReader(CommandBehavior behavior, String method)
   en System.Data.SqlClient.SqlCommand.ExecuteDbDataReader(CommandBehavior behavior)
   en System.Data.Common.DbCommand.System.Data.IDbCommand.ExecuteReader()
   en IBatisNet.DataMapper.Commands.DbCommandDecorator.System.Data.IDbCommand.ExecuteReader()
   en IBatisNet.DataMapper.MappedStatements.MappedStatement.RunQueryForObject(RequestScope request, ISqlMapSession session, Object parameterObject, Object resultObject)
   en IBatisNet.DataMapper.MappedStatements.MappedStatement.ExecuteQueryForObject(ISqlMapSession session, Object parameterObject, Object resultObject)
   en IBatisNet.DataMapper.MappedStatements.MappedStatement.ExecuteQueryForObject(ISqlMapSession session, Object parameterObject)
   en IBatisNet.DataMapper.SqlMapper.QueryForObject(String statementName, Object parameterObject)
   en SBS.UIF.CONTRALAFT.DataAccess.BaseService`1.QueryForObject(String nombreMetodo, Object map, String mapper) en D:\Trabajo\CLEONV\contralaft-privado-master\SBS.UIF.CONTRALAFT.DataAccess\BaseDatos.cs:línea 20
   en SBS.UIF.CONTRALAFT.DataAccess.Core.UsuarioDataAccess.buscarUsuario(Usuario _usuario) en D:\Trabajo\CLEONV\contralaft-privado-master\SBS.UIF.CONTRALAFT.DataAccess\Core\UsuarioDataAccess.cs:línea 19
   en SBS.UIF.CONTRALAFT.BusinessLogic.Core.UsuarioBusinessLogic.buscarUsuario(Usuario _usuario) en D:\Trabajo\CLEONV\contralaft-privado-master\SBS.UIF.CONTRALAFT.BusinessLogic\Core\UsuarioBusinessLogic.cs:línea 27
   en SBS.UIF.CONTRALAFT.Web.pages.Login.Submit_Login(Object sender, EventArgs e) en D:\proynet\fsd2\SBS.UIF.CONTRALAFT.Web\pages\login.aspx.cs:línea 30
ClientConnectionId:0cbf561d-0670-4423-8794-644d972e7865
Error Number:207,State:1,Class:16 Invalid column name 'N_COD_ENTIDAD'.
Invalid column name 'N_COD_ENTIDAD'.
Invalid column name 'C_DES_RAZON'.
2020-08-20 01:40:14.2490 ERROR System.Data.SqlClient.SqlException (0x80131904): Invalid column name 'N_COD_ENTIDAD'.
Invalid column name 'N_COD_ENTIDAD'.
Invalid column name 'C_DES_RAZON'.
   en System.Data.SqlClient.SqlConnection.OnError(SqlException exception, Boolean breakConnection, Action`1 wrapCloseInAction)
   en System.Data.SqlClient.SqlInternalConnection.OnError(SqlException exception, Boolean breakConnection, Action`1 wrapCloseInAction)
   en System.Data.SqlClient.TdsParser.ThrowExceptionAndWarning(TdsParserStateObject stateObj, Boolean callerHasConnectionLock, Boolean asyncClose)
   en System.Data.SqlClient.TdsParser.TryRun(RunBehavior runBehavior, SqlCommand cmdHandler, SqlDataReader dataStream, BulkCopySimpleResultSet bulkCopyHandler, TdsParserStateObject stateObj, Boolean& dataReady)
   en System.Data.SqlClient.SqlDataReader.TryConsumeMetaData()
   en System.Data.SqlClient.SqlDataReader.get_MetaData()
   en System.Data.SqlClient.SqlCommand.FinishExecuteReader(SqlDataReader ds, RunBehavior runBehavior, String resetOptionsString, Boolean isInternal, Boolean forDescribeParameterEncryption, Boolean shouldCacheForAlwaysEncrypted)
   en System.Data.SqlClient.SqlCommand.RunExecuteReaderTds(CommandBehavior cmdBehavior, RunBehavior runBehavior, Boolean returnStream, Boolean async, Int32 timeout, Task& task, Boolean asyncWrite, Boolean inRetry, SqlDataReader ds, Boolean describeParameterEncryptionRequest)
   en System.Data.SqlClient.SqlCommand.RunExecuteReader(CommandBehavior cmdBehavior, RunBehavior runBehavior, Boolean returnStream, String method, TaskCompletionSource`1 completion, Int32 timeout, Task& task, Boolean& usedCache, Boolean asyncWrite, Boolean inRetry)
   en System.Data.SqlClient.SqlCommand.RunExecuteReader(CommandBehavior cmdBehavior, RunBehavior runBehavior, Boolean returnStream, String method)
   en System.Data.SqlClient.SqlCommand.ExecuteReader(CommandBehavior behavior, String method)
   en System.Data.SqlClient.SqlCommand.ExecuteDbDataReader(CommandBehavior behavior)
   en System.Data.Common.DbCommand.System.Data.IDbCommand.ExecuteReader()
   en IBatisNet.DataMapper.Commands.DbCommandDecorator.System.Data.IDbCommand.ExecuteReader()
   en IBatisNet.DataMapper.MappedStatements.MappedStatement.RunQueryForObject(RequestScope request, ISqlMapSession session, Object parameterObject, Object resultObject)
   en IBatisNet.DataMapper.MappedStatements.MappedStatement.ExecuteQueryForObject(ISqlMapSession session, Object parameterObject, Object resultObject)
   en IBatisNet.DataMapper.MappedStatements.MappedStatement.ExecuteQueryForObject(ISqlMapSession session, Object parameterObject)
   en IBatisNet.DataMapper.SqlMapper.QueryForObject(String statementName, Object parameterObject)
   en SBS.UIF.CONTRALAFT.DataAccess.BaseService`1.QueryForObject(String nombreMetodo, Object map, String mapper) en D:\Trabajo\CLEONV\contralaft-privado-master\SBS.UIF.CONTRALAFT.DataAccess\BaseDatos.cs:línea 20
   en SBS.UIF.CONTRALAFT.DataAccess.Core.UsuarioDataAccess.buscarUsuario(Usuario _usuario) en D:\Trabajo\CLEONV\contralaft-privado-master\SBS.UIF.CONTRALAFT.DataAccess\Core\UsuarioDataAccess.cs:línea 19
   en SBS.UIF.CONTRALAFT.BusinessLogic.Core.UsuarioBusinessLogic.buscarUsuario(Usuario _usuario) en D:\Trabajo\CLEONV\contralaft-privado-master\SBS.UIF.CONTRALAFT.BusinessLogic\Core\UsuarioBusinessLogic.cs:línea 27
   en SBS.UIF.CONTRALAFT.Web.pages.Login.Submit_Login(Object sender, EventArgs e) en D:\proynet\fsd2\SBS.UIF.CONTRALAFT.Web\pages\login.aspx.cs:línea 30
ClientConnectionId:38fcbd27-1e4a-4004-8581-d90eaef7913c
Error Number:207,State:1,Class:16 Invalid column name 'N_COD_ENTIDAD'.
Invalid column name 'N_COD_ENTIDAD'.
Invalid column name 'C_DES_RAZON'.
2020-08-20 02:00:52.4004 ERROR System.Data.SqlClient.SqlException (0x80131904): Invalid column name 'N_COD_ENTIDAD'.
   en System.Data.SqlClient.SqlConnection.OnError(SqlException exception, Boolean breakConnection, Action`1 wrapCloseInAction)
   en System.Data.SqlClient.SqlInternalConnection.OnError(SqlException exception, Boolean breakConnection, Action`1 wrapCloseInAction)
   en System.Data.SqlClient.TdsParser.ThrowExceptionAndWarning(TdsParserStateObject stateObj, Boolean callerHasConnectionLock, Boolean asyncClose)
   en System.Data.SqlClient.TdsParser.TryRun(RunBehavior runBehavior, SqlCommand cmdHandler, SqlDataReader dataStream, BulkCopySimpleResultSet bulkCopyHandler, TdsParserStateObject stateObj, Boolean& dataReady)
   en System.Data.SqlClient.SqlDataReader.TryConsumeMetaData()
   en System.Data.SqlClient.SqlDataReader.get_MetaData()
   en System.Data.SqlClient.SqlCommand.FinishExecuteReader(SqlDataReader ds, RunBehavior runBehavior, String resetOptionsString, Boolean isInternal, Boolean forDescribeParameterEncryption, Boolean shouldCacheForAlwaysEncrypted)
   en System.Data.SqlClient.SqlCommand.RunExecuteReaderTds(CommandBehavior cmdBehavior, RunBehavior runBehavior, Boolean returnStream, Boolean async, Int32 timeout, Task& task, Boolean asyncWrite, Boolean inRetry, SqlDataReader ds, Boolean describeParameterEncryptionRequest)
   en System.Data.SqlClient.SqlCommand.RunExecuteReader(CommandBehavior cmdBehavior, RunBehavior runBehavior, Boolean returnStream, String method, TaskCompletionSource`1 completion, Int32 timeout, Task& task, Boolean& usedCache, Boolean asyncWrite, Boolean inRetry)
   en System.Data.SqlClient.SqlCommand.RunExecuteReader(CommandBehavior cmdBehavior, RunBehavior runBehavior, Boolean returnStream, String method)
   en System.Data.SqlClient.SqlCommand.ExecuteReader(CommandBehavior behavior, String method)
   en System.Data.SqlClient.SqlCommand.ExecuteDbDataReader(CommandBehavior behavior)
   en System.Data.Common.DbCommand.System.Data.IDbCommand.ExecuteReader()
   en IBatisNet.DataMapper.Commands.DbCommandDecorator.System.Data.IDbCommand.ExecuteReader()
   en IBatisNet.DataMapper.MappedStatements.MappedStatement.RunQueryForObject(RequestScope request, ISqlMapSession session, Object parameterObject, Object resultObject)
   en IBatisNet.DataMapper.MappedStatements.MappedStatement.ExecuteQueryForObject(ISqlMapSession session, Object parameterObject, Object resultObject)
   en IBatisNet.DataMapper.MappedStatements.MappedStatement.ExecuteQueryForObject(ISqlMapSession session, Object parameterObject)
   en IBatisNet.DataMapper.SqlMapper.QueryForObject(String statementName, Object parameterObject)
   en SBS.UIF.CONTRALAFT.DataAccess.BaseService`1.QueryForObject(String nombreMetodo, Object map, String mapper) en D:\Trabajo\CLEONV\contralaft-privado-master\SBS.UIF.CONTRALAFT.DataAccess\BaseDatos.cs:línea 20
   en SBS.UIF.CONTRALAFT.DataAccess.Core.UsuarioDataAccess.buscarUsuario(Usuario _usuario) en D:\Trabajo\CLEONV\contralaft-privado-master\SBS.UIF.CONTRALAFT.DataAccess\Core\UsuarioDataAccess.cs:línea 19
   en SBS.UIF.CONTRALAFT.BusinessLogic.Core.UsuarioBusinessLogic.buscarUsuario(Usuario _usuario) en D:\Trabajo\CLEONV\contralaft-privado-master\SBS.UIF.CONTRALAFT.BusinessLogic\Core\UsuarioBusinessLogic.cs:línea 27
   en SBS.UIF.CONTRALAFT.Web.pages.Login.Submit_Login(Object sender, EventArgs e) en D:\proynet\fsd2\SBS.UIF.CONTRALAFT.Web\pages\login.aspx.cs:línea 30
ClientConnectionId:05114580-6b7f-4d8d-b0c9-d03be6d29a00
Error Number:207,State:1,Class:16 Invalid column name 'N_COD_ENTIDAD'.
2020-08-20 02:22:26.8303 ERROR System.Threading.ThreadAbortException: Subproceso anulado.
   en System.Threading.Thread.AbortInternal()
   en System.Threading.Thread.Abort(Object stateInfo)
   en System.Web.HttpResponse.AbortCurrentThread()
   en System.Web.HttpResponse.End()
   en System.Web.HttpResponse.Redirect(String url, Boolean endResponse, Boolean permanent)
   en System.Web.HttpResponse.Redirect(String url)
   en SBS.UIF.CONTRALAFT.Web.pages.Login.Submit_Login(Object sender, EventArgs e) en D:\proynet\fsd2\SBS.UIF.CONTRALAFT.Web\pages\login.aspx.cs:línea 32 Subproceso anulado.
2020-08-20 02:58:51.2076 ERROR System.Threading.ThreadAbortException: Subproceso anulado.
   en System.Threading.Thread.AbortInternal()
   en System.Threading.Thread.Abort(Object stateInfo)
   en System.Web.HttpResponse.AbortCurrentThread()
   en System.Web.HttpResponse.End()
   en System.Web.HttpResponse.Redirect(String url, Boolean endResponse, Boolean permanent)
   en System.Web.HttpResponse.Redirect(String url)
   en SBS.UIF.CONTRALAFT.Web.pages.Login.Submit_Login(Object sender, EventArgs e) en D:\proynet\fsd2\SBS.UIF.CONTRALAFT.Web\pages\login.aspx.cs:línea 32 Subproceso anulado.
2020-08-20 10:44:23.1148 ERROR System.Threading.ThreadAbortException: Subproceso anulado.
   en System.Threading.Thread.AbortInternal()
   en System.Threading.Thread.Abort(Object stateInfo)
   en System.Web.HttpResponse.AbortCurrentThread()
   en System.Web.HttpResponse.End()
   en System.Web.HttpResponse.Redirect(String url, Boolean endResponse, Boolean permanent)
   en System.Web.HttpResponse.Redirect(String url)
   en SBS.UIF.CONTRALAFT.Web.pages.Login.Submit_Login(Object sender, EventArgs e) en D:\proynet\fsd2\SBS.UIF.CONTRALAFT.Web\pages\login.aspx.cs:línea 32 Subproceso anulado.
2020-08-20 10:44:29.0803 ERROR System.Threading.ThreadAbortException: Subproceso anulado.
   en System.Threading.Thread.AbortInternal()
   en System.Threading.Thread.Abort(Object stateInfo)
   en System.Web.HttpResponse.AbortCurrentThread()
   en System.Web.HttpResponse.End()
   en System.Web.HttpResponse.Redirect(String url, Boolean endResponse, Boolean permanent)
   en System.Web.HttpResponse.Redirect(String url)
   en SBS.UIF.CONTRALAFT.Web.pages.Login.Submit_Login(Object sender, EventArgs e) en D:\proynet\fsd2\SBS.UIF.CONTRALAFT.Web\pages\login.aspx.cs:línea 32 Subproceso anulado.
2020-08-20 18:26:03.0328 ERROR System.Threading.ThreadAbortException: Subproceso anulado.
   en System.Threading.Thread.AbortInternal()
   en System.Threading.Thread.Abort(Object stateInfo)
   en System.Web.HttpResponse.AbortCurrentThread()
   en System.Web.HttpResponse.End()
   en System.Web.HttpResponse.Redirect(String url, Boolean endResponse, Boolean permanent)
   en System.Web.HttpResponse.Redirect(String url)
   en SBS.UIF.CONTRALAFT.Web.pages.Login.Submit_Login(Object sender, EventArgs e) en D:\proynet\fsd2\SBS.UIF.CONTRALAFT.Web\pages\login.aspx.cs:línea 32 Subproceso anulado.
2020-08-20 23:06:33.9895 ERROR IBatisNet.Common.Exceptions.ConfigurationException: 
- The error occurred while loading SqlMap.
- initialize result property: UsuarioCreacion
- The error occurred in <sqlMap resource="Recursos/core/Entidad.xml" xmlns="http://ibatis.apache.org/dataMapper" />.  
- Check the EntidadMap.rm_entidad. ---> IBatisNet.Common.Exceptions.ConfigurationException: Could not configure ResultMap named "EntidadMap.rm_entidad", Cause: There is no Set member named 'UsuarioCreacion' in class 'Entidad' ---> IBatisNet.Common.Exceptions.ProbeException: There is no Set member named 'UsuarioCreacion' in class 'Entidad'
   en IBatisNet.Common.Utilities.Objects.ReflectionInfo.GetSetter(String memberName)
   en IBatisNet.Common.Utilities.Objects.Members.SetAccessorFactory.CreateSetAccessor(Type targetType, String name)
   en IBatisNet.DataMapper.Configuration.ResultMapping.ResultProperty.Initialize(ConfigurationScope configScope, Type resultClass)
   en IBatisNet.DataMapper.Configuration.ResultMapping.ResultMap.GetChildNode(ConfigurationScope configScope)
   en IBatisNet.DataMapper.Configuration.ResultMapping.ResultMap.Initialize(ConfigurationScope configScope)
   --- Fin del seguimiento de la pila de la excepción interna ---
   en IBatisNet.DataMapper.Configuration.ResultMapping.ResultMap.Initialize(ConfigurationScope configScope)
   en IBatisNet.DataMapper.Configuration.Serializers.ResultMapDeSerializer.Deserialize(XmlNode node, ConfigurationScope configScope)
   en IBatisNet.DataMapper.Configuration.DomSqlMapBuilder.BuildResultMap()
   en IBatisNet.DataMapper.Configuration.DomSqlMapBuilder.ConfigureSqlMap()
   en IBatisNet.DataMapper.Configuration.DomSqlMapBuilder.Initialize()
   en IBatisNet.DataMapper.Configuration.DomSqlMapBuilder.Build(XmlDocument document, DataSource dataSource, Boolean useConfigFileWatcher, Boolean isCallFromDao)
   --- Fin del seguimiento de la pila de la excepción interna ---
   en IBatisNet.DataMapper.Configuration.DomSqlMapBuilder.Build(XmlDocument document, DataSource dataSource, Boolean useConfigFileWatcher, Boolean isCallFromDao)
   en IBatisNet.DataMapper.Configuration.DomSqlMapBuilder.ConfigureAndWatch(String resource, ConfigureHandler configureDelegate)
   en SBS.UIF.CONTRALAFT.DataAccess.Mapper.MapperPro.InitMapper() en D:\proynet\fsd2\SBS.UIF.CONTRALAFT.DataAccess\Mapper\MapperPro.cs:línea 20
   en SBS.UIF.CONTRALAFT.DataAccess.Mapper.MapperPro.Instance() en D:\proynet\fsd2\SBS.UIF.CONTRALAFT.DataAccess\Mapper\MapperPro.cs:línea 31
   en SBS.UIF.CONTRALAFT.DataAccess.BaseService`1.QueryForObject(String nombreMetodo, Object map, String mapper) en D:\proynet\fsd2\SBS.UIF.CONTRALAFT.DataAccess\BaseDatos.cs:línea 20
   en SBS.UIF.CONTRALAFT.DataAccess.Core.UsuarioDataAccess.buscarUsuario(Usuario _usuario) en D:\proynet\fsd2\SBS.UIF.CONTRALAFT.DataAccess\Core\UsuarioDataAccess.cs:línea 19
   en SBS.UIF.CONTRALAFT.BusinessLogic.Core.UsuarioBusinessLogic.buscarUsuario(Usuario _usuario) en D:\proynet\fsd2\SBS.UIF.CONTRALAFT.BusinessLogic\Core\UsuarioBusinessLogic.cs:línea 27
   en SBS.UIF.CONTRALAFT.Web.pages.Login.Submit_Login(Object sender, EventArgs e) en D:\proynet\fsd2\SBS.UIF.CONTRALAFT.Web\pages\login.aspx.cs:línea 30 
- The error occurred while loading SqlMap.
- initialize result property: UsuarioCreacion
- The error occurred in <sqlMap resource="Recursos/core/Entidad.xml" xmlns="http://ibatis.apache.org/dataMapper" />.  
- Check the EntidadMap.rm_entidad.
2020-08-20 23:06:54.7532 ERROR IBatisNet.Common.Exceptions.ConfigurationException: 
- The error occurred while loading SqlMap.
- initialize result property: UsuarioCreacion
- The error occurred in <sqlMap resource="Recursos/core/Entidad.xml" xmlns="http://ibatis.apache.org/dataMapper" />.  
- Check the EntidadMap.rm_entidad. ---> IBatisNet.Common.Exceptions.ConfigurationException: Could not configure ResultMap named "EntidadMap.rm_entidad", Cause: There is no Set member named 'UsuarioCreacion' in class 'Entidad' ---> IBatisNet.Common.Exceptions.ProbeException: There is no Set member named 'UsuarioCreacion' in class 'Entidad'
   en IBatisNet.Common.Utilities.Objects.ReflectionInfo.GetSetter(String memberName)
   en IBatisNet.Common.Utilities.Objects.Members.SetAccessorFactory.CreateSetAccessor(Type targetType, String name)
   en IBatisNet.DataMapper.Configuration.ResultMapping.ResultProperty.Initialize(ConfigurationScope configScope, Type resultClass)
   en IBatisNet.DataMapper.Configuration.ResultMapping.ResultMap.GetChildNode(ConfigurationScope configScope)
   en IBatisNet.DataMapper.Configuration.ResultMapping.ResultMap.Initialize(ConfigurationScope configScope)
   --- Fin del seguimiento de la pila de la excepción interna ---
   en IBatisNet.DataMapper.Configuration.ResultMapping.ResultMap.Initialize(ConfigurationScope configScope)
   en IBatisNet.DataMapper.Configuration.Serializers.ResultMapDeSerializer.Deserialize(XmlNode node, ConfigurationScope configScope)
   en IBatisNet.DataMapper.Configuration.DomSqlMapBuilder.BuildResultMap()
   en IBatisNet.DataMapper.Configuration.DomSqlMapBuilder.ConfigureSqlMap()
   en IBatisNet.DataMapper.Configuration.DomSqlMapBuilder.Initialize()
   en IBatisNet.DataMapper.Configuration.DomSqlMapBuilder.Build(XmlDocument document, DataSource dataSource, Boolean useConfigFileWatcher, Boolean isCallFromDao)
   --- Fin del seguimiento de la pila de la excepción interna ---
   en IBatisNet.DataMapper.Configuration.DomSqlMapBuilder.Build(XmlDocument document, DataSource dataSource, Boolean useConfigFileWatcher, Boolean isCallFromDao)
   en IBatisNet.DataMapper.Configuration.DomSqlMapBuilder.ConfigureAndWatch(String resource, ConfigureHandler configureDelegate)
   en SBS.UIF.CONTRALAFT.DataAccess.Mapper.MapperPro.InitMapper() en D:\proynet\fsd2\SBS.UIF.CONTRALAFT.DataAccess\Mapper\MapperPro.cs:línea 20
   en SBS.UIF.CONTRALAFT.DataAccess.Mapper.MapperPro.Instance() en D:\proynet\fsd2\SBS.UIF.CONTRALAFT.DataAccess\Mapper\MapperPro.cs:línea 31
   en SBS.UIF.CONTRALAFT.DataAccess.BaseService`1.QueryForObject(String nombreMetodo, Object map, String mapper) en D:\proynet\fsd2\SBS.UIF.CONTRALAFT.DataAccess\BaseDatos.cs:línea 20
   en SBS.UIF.CONTRALAFT.DataAccess.Core.UsuarioDataAccess.buscarUsuario(Usuario _usuario) en D:\proynet\fsd2\SBS.UIF.CONTRALAFT.DataAccess\Core\UsuarioDataAccess.cs:línea 19
   en SBS.UIF.CONTRALAFT.BusinessLogic.Core.UsuarioBusinessLogic.buscarUsuario(Usuario _usuario) en D:\proynet\fsd2\SBS.UIF.CONTRALAFT.BusinessLogic\Core\UsuarioBusinessLogic.cs:línea 27
   en SBS.UIF.CONTRALAFT.Web.pages.Login.Submit_Login(Object sender, EventArgs e) en D:\proynet\fsd2\SBS.UIF.CONTRALAFT.Web\pages\login.aspx.cs:línea 30 
- The error occurred while loading SqlMap.
- initialize result property: UsuarioCreacion
- The error occurred in <sqlMap resource="Recursos/core/Entidad.xml" xmlns="http://ibatis.apache.org/dataMapper" />.  
- Check the EntidadMap.rm_entidad.
2020-08-20 23:08:03.5617 ERROR IBatisNet.Common.Exceptions.ConfigurationException: 
- The error occurred while loading SqlMap.
- initialize result property: UsuarioCreacion
- The error occurred in <sqlMap resource="Recursos/core/Entidad.xml" xmlns="http://ibatis.apache.org/dataMapper" />.  
- Check the EntidadMap.rm_entidad. ---> IBatisNet.Common.Exceptions.ConfigurationException: Could not configure ResultMap named "EntidadMap.rm_entidad", Cause: There is no Set member named 'UsuarioCreacion' in class 'Entidad' ---> IBatisNet.Common.Exceptions.ProbeException: There is no Set member named 'UsuarioCreacion' in class 'Entidad'
   en IBatisNet.Common.Utilities.Objects.ReflectionInfo.GetSetter(String memberName)
   en IBatisNet.Common.Utilities.Objects.Members.SetAccessorFactory.CreateSetAccessor(Type targetType, String name)
   en IBatisNet.DataMapper.Configuration.ResultMapping.ResultProperty.Initialize(ConfigurationScope configScope, Type resultClass)
   en IBatisNet.DataMapper.Configuration.ResultMapping.ResultMap.GetChildNode(ConfigurationScope configScope)
   en IBatisNet.DataMapper.Configuration.ResultMapping.ResultMap.Initialize(ConfigurationScope configScope)
   --- Fin del seguimiento de la pila de la excepción interna ---
   en IBatisNet.DataMapper.Configuration.ResultMapping.ResultMap.Initialize(ConfigurationScope configScope)
   en IBatisNet.DataMapper.Configuration.Serializers.ResultMapDeSerializer.Deserialize(XmlNode node, ConfigurationScope configScope)
   en IBatisNet.DataMapper.Configuration.DomSqlMapBuilder.BuildResultMap()
   en IBatisNet.DataMapper.Configuration.DomSqlMapBuilder.ConfigureSqlMap()
   en IBatisNet.DataMapper.Configuration.DomSqlMapBuilder.Initialize()
   en IBatisNet.DataMapper.Configuration.DomSqlMapBuilder.Build(XmlDocument document, DataSource dataSource, Boolean useConfigFileWatcher, Boolean isCallFromDao)
   --- Fin del seguimiento de la pila de la excepción interna ---
   en IBatisNet.DataMapper.Configuration.DomSqlMapBuilder.Build(XmlDocument document, DataSource dataSource, Boolean useConfigFileWatcher, Boolean isCallFromDao)
   en IBatisNet.DataMapper.Configuration.DomSqlMapBuilder.ConfigureAndWatch(String resource, ConfigureHandler configureDelegate)
   en SBS.UIF.CONTRALAFT.DataAccess.Mapper.MapperPro.InitMapper() en D:\proynet\fsd2\SBS.UIF.CONTRALAFT.DataAccess\Mapper\MapperPro.cs:línea 20
   en SBS.UIF.CONTRALAFT.DataAccess.Mapper.MapperPro.Instance() en D:\proynet\fsd2\SBS.UIF.CONTRALAFT.DataAccess\Mapper\MapperPro.cs:línea 31
   en SBS.UIF.CONTRALAFT.DataAccess.BaseService`1.QueryForObject(String nombreMetodo, Object map, String mapper) en D:\proynet\fsd2\SBS.UIF.CONTRALAFT.DataAccess\BaseDatos.cs:línea 20
   en SBS.UIF.CONTRALAFT.DataAccess.Core.UsuarioDataAccess.buscarUsuario(Usuario _usuario) en D:\proynet\fsd2\SBS.UIF.CONTRALAFT.DataAccess\Core\UsuarioDataAccess.cs:línea 19
   en SBS.UIF.CONTRALAFT.BusinessLogic.Core.UsuarioBusinessLogic.buscarUsuario(Usuario _usuario) en D:\proynet\fsd2\SBS.UIF.CONTRALAFT.BusinessLogic\Core\UsuarioBusinessLogic.cs:línea 27
   en SBS.UIF.CONTRALAFT.Web.pages.Login.Submit_Login(Object sender, EventArgs e) en D:\proynet\fsd2\SBS.UIF.CONTRALAFT.Web\pages\login.aspx.cs:línea 30 
- The error occurred while loading SqlMap.
- initialize result property: UsuarioCreacion
- The error occurred in <sqlMap resource="Recursos/core/Entidad.xml" xmlns="http://ibatis.apache.org/dataMapper" />.  
- Check the EntidadMap.rm_entidad.
